<?xml version="1.0" encoding="UTF-8"?>
<!-- Generated by org.testng.reporters.JUnitReportReporter -->
<testsuite hostname="Nitishs-Mac.local" name="com.example.sample.ChangePasswordAPITests" tests="30" failures="0" timestamp="30 Jul 2019 14:55:57 GMT" time="4.766" errors="0">
  <testcase name="invalidPasswordAPITest" time="0.007" classname="com.example.sample.ChangePasswordAPITests"/>
  <testcase name="changePasswordAPITest" time="0.013" classname="com.example.sample.ChangePasswordAPITests"/>
  <testcase name="invalidUserTest" time="1.458" classname="com.example.sample.ChangePasswordAPITests"/>
  <testcase name="givenWac_whenServletContext_thenItProvidesGreetController" time="0.007" classname="com.example.sample.ChangePasswordAPITests"/>
  <testcase name="invalidPasswordAPITest" time="0.008" classname="com.example.sample.ChangePasswordAPITests"/>
  <testcase name="addUserTest" time="0.027" classname="com.example.sample.ChangePasswordAPITests"/>
  <testcase name="invalidPasswordAPITest" time="0.011" classname="com.example.sample.ChangePasswordAPITests"/>
  <testcase name="changePasswordAPITest" time="0.027" classname="com.example.sample.ChangePasswordAPITests"/>
  <testcase name="invalidPasswordAPITest" time="0.027" classname="com.example.sample.ChangePasswordAPITests"/>
  <testcase name="changePasswordAPIInvalidEmailTest" time="0.040" classname="com.example.sample.ChangePasswordAPITests"/>
  <testcase name="invalidPasswordAPITest" time="0.007" classname="com.example.sample.ChangePasswordAPITests"/>
  <testcase name="invalidPasswordAPITest" time="0.024" classname="com.example.sample.ChangePasswordAPITests"/>
  <testcase name="invalidPasswordAPITest" time="1.212" classname="com.example.sample.ChangePasswordAPITests"/>
  <testcase name="changePasswordAPIUnsupportedHttpMethodTest" time="0.012" classname="com.example.sample.ChangePasswordAPITests"/>
  <testcase name="invalidPasswordAPITest" time="0.012" classname="com.example.sample.ChangePasswordAPITests"/>
  <testcase name="changePasswordAPITest" time="0.030" classname="com.example.sample.ChangePasswordAPITests"/>
  <testcase name="invalidPasswordAPITest" time="0.030" classname="com.example.sample.ChangePasswordAPITests"/>
  <testcase name="invalidPasswordAPITest" time="1.261" classname="com.example.sample.ChangePasswordAPITests"/>
  <testcase name="addDuplicateUserTest" time="0.282" classname="com.example.sample.ChangePasswordAPITests"/>
  <testcase name="invalidPasswordAPITest" time="0.013" classname="com.example.sample.ChangePasswordAPITests"/>
  <testcase name="invalidPasswordAPITest" time="0.011" classname="com.example.sample.ChangePasswordAPITests"/>
  <testcase name="invalidPasswordAPITest" time="0.051" classname="com.example.sample.ChangePasswordAPITests"/>
  <testcase name="invalidPasswordAPITest" time="0.013" classname="com.example.sample.ChangePasswordAPITests"/>
  <testcase name="changePasswordAPINullFieldsTest" time="0.053" classname="com.example.sample.ChangePasswordAPITests"/>
  <testcase name="changePasswordAPIXmlContentTypeTest" time="0.015" classname="com.example.sample.ChangePasswordAPITests"/>
  <testcase name="invalidPasswordAPITest" time="0.008" classname="com.example.sample.ChangePasswordAPITests"/>
  <testcase name="invalidPasswordAPITest" time="0.010" classname="com.example.sample.ChangePasswordAPITests"/>
  <testcase name="changePasswordAPITest" time="0.041" classname="com.example.sample.ChangePasswordAPITests"/>
  <testcase name="invalidPasswordAPITest" time="0.036" classname="com.example.sample.ChangePasswordAPITests"/>
  <testcase name="changePasswordAPITest" time="0.020" classname="com.example.sample.ChangePasswordAPITests"/>
</testsuite> <!-- com.example.sample.ChangePasswordAPITests -->
