<?xml version="1.0" encoding="UTF-8"?>
<!-- Generated by org.testng.reporters.JUnitReportReporter -->
<testsuite hostname="Nitishs-Mac.local" name="com.example.sample.ChangePasswordAPITests" tests="30" failures="0" timestamp="30 Jul 2019 14:21:19 GMT" time="4.662" errors="0">
  <testcase name="invalidPasswordAPITest" time="0.016" classname="com.example.sample.ChangePasswordAPITests"/>
  <testcase name="changePasswordAPITest" time="0.008" classname="com.example.sample.ChangePasswordAPITests"/>
  <testcase name="invalidPasswordAPITest" time="0.014" classname="com.example.sample.ChangePasswordAPITests"/>
  <testcase name="changePasswordAPITest" time="1.341" classname="com.example.sample.ChangePasswordAPITests"/>
  <testcase name="invalidPasswordAPITest" time="0.009" classname="com.example.sample.ChangePasswordAPITests"/>
  <testcase name="addUserTest" time="0.065" classname="com.example.sample.ChangePasswordAPITests"/>
  <testcase name="invalidPasswordAPITest" time="0.012" classname="com.example.sample.ChangePasswordAPITests"/>
  <testcase name="invalidPasswordAPITest" time="0.017" classname="com.example.sample.ChangePasswordAPITests"/>
  <testcase name="invalidPasswordAPITest" time="0.009" classname="com.example.sample.ChangePasswordAPITests"/>
  <testcase name="addDuplicateUserTest" time="0.306" classname="com.example.sample.ChangePasswordAPITests"/>
  <testcase name="changePasswordAPITest" time="0.033" classname="com.example.sample.ChangePasswordAPITests"/>
  <testcase name="invalidPasswordAPITest" time="0.013" classname="com.example.sample.ChangePasswordAPITests"/>
  <testcase name="changePasswordAPIInvalidEmailTest" time="0.024" classname="com.example.sample.ChangePasswordAPITests"/>
  <testcase name="invalidPasswordAPITest" time="0.007" classname="com.example.sample.ChangePasswordAPITests"/>
  <testcase name="invalidPasswordAPITest" time="1.409" classname="com.example.sample.ChangePasswordAPITests"/>
  <testcase name="changePasswordAPIXmlContentTypeTest" time="0.020" classname="com.example.sample.ChangePasswordAPITests"/>
  <testcase name="changePasswordAPITest" time="0.021" classname="com.example.sample.ChangePasswordAPITests"/>
  <testcase name="invalidPasswordAPITest" time="0.011" classname="com.example.sample.ChangePasswordAPITests"/>
  <testcase name="changePasswordAPITest" time="0.009" classname="com.example.sample.ChangePasswordAPITests"/>
  <testcase name="invalidPasswordAPITest" time="0.005" classname="com.example.sample.ChangePasswordAPITests"/>
  <testcase name="invalidUserTest" time="0.016" classname="com.example.sample.ChangePasswordAPITests"/>
  <testcase name="changePasswordAPINullFieldsTest" time="0.048" classname="com.example.sample.ChangePasswordAPITests"/>
  <testcase name="invalidPasswordAPITest" time="1.146" classname="com.example.sample.ChangePasswordAPITests"/>
  <testcase name="invalidPasswordAPITest" time="0.011" classname="com.example.sample.ChangePasswordAPITests"/>
  <testcase name="invalidPasswordAPITest" time="0.012" classname="com.example.sample.ChangePasswordAPITests"/>
  <testcase name="givenWac_whenServletContext_thenItProvidesGreetController" time="0.007" classname="com.example.sample.ChangePasswordAPITests"/>
  <testcase name="invalidPasswordAPITest" time="0.017" classname="com.example.sample.ChangePasswordAPITests"/>
  <testcase name="invalidPasswordAPITest" time="0.008" classname="com.example.sample.ChangePasswordAPITests"/>
  <testcase name="changePasswordAPIUnsupportedHttpMethodTest" time="0.021" classname="com.example.sample.ChangePasswordAPITests"/>
  <testcase name="invalidPasswordAPITest" time="0.027" classname="com.example.sample.ChangePasswordAPITests"/>
</testsuite> <!-- com.example.sample.ChangePasswordAPITests -->
